<?xml version="1.0" encoding="UTF-8"?>
<testsuites name="jest tests" tests="41" failures="0" time="2.27">
  <testsuite name="NewListForm Component" errors="0" failures="0" skipped="0" timestamp="2019-09-10T22:25:02" time="0.938" tests="6">
    <testcase classname="NewListForm Component should have two buttons" name="NewListForm Component should have two buttons" time="0.012">
    </testcase>
    <testcase classname="NewListForm Component should have a create button" name="NewListForm Component should have a create button" time="0.003">
    </testcase>
    <testcase classname="NewListForm Component should have a cancel button" name="NewListForm Component should have a cancel button" time="0.001">
    </testcase>
    <testcase classname="NewListForm Component should update current place on creating of a new list" name="NewListForm Component should update current place on creating of a new list" time="0.015">
    </testcase>
    <testcase classname="NewListForm Component should update place in places on creation of new list" name="NewListForm Component should update place in places on creation of new list" time="0.007">
    </testcase>
    <testcase classname="NewListForm Component should update saved list on create of new list" name="NewListForm Component should update saved list on create of new list" time="0.007">
    </testcase>
  </testsuite>
  <testsuite name="PlaceList Component" errors="0" failures="0" skipped="0" timestamp="2019-09-10T22:25:03" time="0.168" tests="5">
    <testcase classname="PlaceList Component should dynamically render multiple places" name="PlaceList Component should dynamically render multiple places" time="0.001">
    </testcase>
    <testcase classname="PlaceList Component should render the Place component" name="PlaceList Component should render the Place component" time="0.002">
    </testcase>
    <testcase classname="PlaceList Component should have correct initial states" name="PlaceList Component should have correct initial states" time="0.005">
    </testcase>
    <testcase classname="PlaceList Component should change index accordingly on click" name="PlaceList Component should change index accordingly on click" time="0.01">
    </testcase>
    <testcase classname="PlaceList Component should change start and end state when limits are reached" name="PlaceList Component should change start and end state when limits are reached" time="0.016">
    </testcase>
  </testsuite>
  <testsuite name="Heart Component" errors="0" failures="0" skipped="0" timestamp="2019-09-10T22:25:03" time="0.112" tests="1">
    <testcase classname="Heart Component should render a heart" name="Heart Component should render a heart" time="0.002">
    </testcase>
  </testsuite>
  <testsuite name="SavedList Component" errors="0" failures="0" skipped="0" timestamp="2019-09-10T22:25:04" time="0.12" tests="6">
    <testcase classname="SavedList Component should dynamically render a list" name="SavedList Component should dynamically render a list" time="0.007">
    </testcase>
    <testcase classname="SavedList Component should render an exit button" name="SavedList Component should render an exit button" time="0.001">
    </testcase>
    <testcase classname="SavedList Component should render a title" name="SavedList Component should render a title" time="0.002">
    </testcase>
    <testcase classname="SavedList Component should render an option to create a new list" name="SavedList Component should render an option to create a new list" time="0.001">
    </testcase>
    <testcase classname="SavedList Component should set current place to empy obj on click of outer div" name="SavedList Component should set current place to empy obj on click of outer div" time="0.003">
    </testcase>
    <testcase classname="SavedList Component should close modal on click of outer div" name="SavedList Component should close modal on click of outer div" time="0.002">
    </testcase>
  </testsuite>
  <testsuite name="Place Component" errors="0" failures="0" skipped="0" timestamp="2019-09-10T22:25:04" time="0.102" tests="8">
    <testcase classname="Place Component should render a picture" name="Place Component should render a picture" time="0.002">
    </testcase>
    <testcase classname="Place Component should render a title" name="Place Component should render a title" time="0.001">
    </testcase>
    <testcase classname="Place Component should render the property type and city" name="Place Component should render the property type and city" time="0.001">
    </testcase>
    <testcase classname="Place Component should render the price" name="Place Component should render the price" time="0.001">
    </testcase>
    <testcase classname="Place Component should render the total reviews" name="Place Component should render the total reviews" time="0.001">
    </testcase>
    <testcase classname="Place Component should render stars" name="Place Component should render stars" time="0.001">
    </testcase>
    <testcase classname="Place Component should render a plus tag for plus verified places" name="Place Component should render a plus tag for plus verified places" time="0.001">
    </testcase>
    <testcase classname="Place Component should not render a plus tag for non verified places" name="Place Component should not render a plus tag for non verified places" time="0.001">
    </testcase>
  </testsuite>
  <testsuite name="MiniPlace Component" errors="0" failures="0" skipped="0" timestamp="2019-09-10T22:25:04" time="0.097" tests="8">
    <testcase classname="MiniPlace Component should render the place&apos;s image" name="MiniPlace Component should render the place&apos;s image" time="0.003">
    </testcase>
    <testcase classname="MiniPlace Component should render the place&apos;s title" name="MiniPlace Component should render the place&apos;s title" time="0.001">
    </testcase>
    <testcase classname="MiniPlace Component should render the place&apos;s city" name="MiniPlace Component should render the place&apos;s city" time="0.001">
    </testcase>
    <testcase classname="MiniPlace Component should render the place&apos;s state" name="MiniPlace Component should render the place&apos;s state" time="0.002">
    </testcase>
    <testcase classname="MiniPlace Component should render the place&apos;s country" name="MiniPlace Component should render the place&apos;s country" time="0.001">
    </testcase>
    <testcase classname="MiniPlace Component should render the place&apos;s about description" name="MiniPlace Component should render the place&apos;s about description" time="0.001">
    </testcase>
    <testcase classname="MiniPlace Component should render the place&apos;s space description" name="MiniPlace Component should render the place&apos;s space description" time="0.001">
    </testcase>
    <testcase classname="MiniPlace Component should render the place&apos;s neighborhood description" name="MiniPlace Component should render the place&apos;s neighborhood description" time="0.001">
    </testcase>
  </testsuite>
  <testsuite name="SavedListEntry Component" errors="0" failures="0" skipped="0" timestamp="2019-09-10T22:25:04" time="0.116" tests="4">
    <testcase classname="SavedListEntry Component should render the list name" name="SavedListEntry Component should render the list name" time="0.002">
    </testcase>
    <testcase classname="SavedListEntry Component should render a heart" name="SavedListEntry Component should render a heart" time="0.001">
    </testcase>
    <testcase classname="SavedListEntry Component should update current place to include clicked list name" name="SavedListEntry Component should update current place to include clicked list name" time="0.002">
    </testcase>
    <testcase classname="SavedListEntry Component should update place in place list to inclucde clicked list name" name="SavedListEntry Component should update place in place list to inclucde clicked list name" time="0.001">
    </testcase>
  </testsuite>
  <testsuite name="RatingStars component" errors="0" failures="0" skipped="0" timestamp="2019-09-10T22:25:04" time="0.083" tests="3">
    <testcase classname="RatingStars component should render stars" name="RatingStars component should render stars" time="0.001">
    </testcase>
    <testcase classname="RatingStars component should render the correct rating" name="RatingStars component should render the correct rating" time="0.001">
    </testcase>
    <testcase classname="RatingStars component should render the correct size" name="RatingStars component should render the correct size" time="0.001">
    </testcase>
  </testsuite>
</testsuites>